0 info it worked if it ends with ok
1 verbose cli [ 'C:\\Program Files\\nodejs\\node.exe',
1 verbose cli   'C:\\Program Files\\nodejs\\node_modules\\npm\\bin\\npm-cli.js',
1 verbose cli   'install',
1 verbose cli   'get-cursor-position',
1 verbose cli   '--save' ]
2 info using npm@2.15.5
3 info using node@v4.4.5
4 verbose install initial load of C:\PP\gene6al_test\v25\server\package.json
5 warn package.json GeneSix-Post_Ofice@ No repository field.
6 warn package.json GeneSix-Post_Ofice@ No README data
7 warn package.json GeneSix-Post_Ofice@ No license field.
8 verbose installManyTop reading scoped package data from C:\PP\gene6al_test\v25\server\node_modules\colors\package.json
9 verbose installManyTop reading scoped package data from C:\PP\gene6al_test\v25\server\node_modules\express\package.json
10 verbose installManyTop reading scoped package data from C:\PP\gene6al_test\v25\server\node_modules\robotjs\package.json
11 verbose installManyTop reading scoped package data from C:\PP\gene6al_test\v25\server\node_modules\socket.io\package.json
12 info package.json socket.io@1.3.5 No license field.
13 verbose readDependencies loading dependencies from C:\PP\gene6al_test\v25\server\package.json
14 silly cache add args [ 'get-cursor-position', null ]
15 verbose cache add spec get-cursor-position
16 silly cache add parsed spec Result {
16 silly cache add   raw: 'get-cursor-position',
16 silly cache add   scope: null,
16 silly cache add   name: 'get-cursor-position',
16 silly cache add   rawSpec: '',
16 silly cache add   spec: 'latest',
16 silly cache add   type: 'tag' }
17 silly addNamed get-cursor-position@latest
18 verbose addNamed "latest" is being treated as a dist-tag for get-cursor-position
19 info addNameTag [ 'get-cursor-position', 'latest' ]
20 silly mapToRegistry name get-cursor-position
21 silly mapToRegistry using default registry
22 silly mapToRegistry registry https://registry.npmjs.org/
23 silly mapToRegistry data Result {
23 silly mapToRegistry   raw: 'get-cursor-position',
23 silly mapToRegistry   scope: null,
23 silly mapToRegistry   name: 'get-cursor-position',
23 silly mapToRegistry   rawSpec: '',
23 silly mapToRegistry   spec: 'latest',
23 silly mapToRegistry   type: 'tag' }
24 silly mapToRegistry uri https://registry.npmjs.org/get-cursor-position
25 verbose addNameTag registry:https://registry.npmjs.org/get-cursor-position not in flight; fetching
26 verbose request uri https://registry.npmjs.org/get-cursor-position
27 verbose request no auth needed
28 info attempt registry request try #1 at 2:10:17 PM
29 verbose request id 26b7ff68a4d995cc
30 verbose etag W/"5817ff97-2e8a"
31 verbose lastModified Tue, 01 Nov 2016 02:36:07 GMT
32 http request GET https://registry.npmjs.org/get-cursor-position
33 http 304 https://registry.npmjs.org/get-cursor-position
34 verbose headers { date: 'Mon, 22 May 2017 12:09:38 GMT',
34 verbose headers   via: '1.1 varnish',
34 verbose headers   'cache-control': 'max-age=300',
34 verbose headers   etag: 'W/"5817ff97-2e8a"',
34 verbose headers   age: '0',
34 verbose headers   connection: 'keep-alive',
34 verbose headers   'x-served-by': 'cache-hhn1540-HHN',
34 verbose headers   'x-cache': 'MISS',
34 verbose headers   'x-cache-hits': '0',
34 verbose headers   'x-timer': 'S1495454978.449547,VS0,VE1',
34 verbose headers   vary: 'Accept-Encoding' }
35 silly get cb [ 304,
35 silly get   { date: 'Mon, 22 May 2017 12:09:38 GMT',
35 silly get     via: '1.1 varnish',
35 silly get     'cache-control': 'max-age=300',
35 silly get     etag: 'W/"5817ff97-2e8a"',
35 silly get     age: '0',
35 silly get     connection: 'keep-alive',
35 silly get     'x-served-by': 'cache-hhn1540-HHN',
35 silly get     'x-cache': 'MISS',
35 silly get     'x-cache-hits': '0',
35 silly get     'x-timer': 'S1495454978.449547,VS0,VE1',
35 silly get     vary: 'Accept-Encoding' } ]
36 verbose etag https://registry.npmjs.org/get-cursor-position from cache
37 verbose get saving get-cursor-position to C:\Users\johnn\AppData\Roaming\npm-cache\registry.npmjs.org\get-cursor-position\.cache.json
38 verbose correctMkdir C:\Users\johnn\AppData\Roaming\npm-cache correctMkdir not in flight; initializing
39 silly addNameTag next cb for get-cursor-position with tag latest
40 silly addNamed get-cursor-position@1.0.3
41 verbose addNamed "1.0.3" is a plain semver version for get-cursor-position
42 silly cache afterAdd get-cursor-position@1.0.3
43 verbose afterAdd C:\Users\johnn\AppData\Roaming\npm-cache\get-cursor-position\1.0.3\package\package.json not in flight; writing
44 verbose correctMkdir C:\Users\johnn\AppData\Roaming\npm-cache correctMkdir not in flight; initializing
45 verbose afterAdd C:\Users\johnn\AppData\Roaming\npm-cache\get-cursor-position\1.0.3\package\package.json written
46 silly install resolved [ { name: 'get-cursor-position',
46 silly install resolved     version: '1.0.3',
46 silly install resolved     description: 'Get the cursor\'s current position in your terminal.',
46 silly install resolved     main: 'index.js',
46 silly install resolved     scripts:
46 silly install resolved      { test: 'echo "Error: no test specified" && exit 1',
46 silly install resolved        install: 'node-gyp rebuild' },
46 silly install resolved     keywords: [ 'terminal', 'console', 'cursor', 'position', 'ansi', 'escape' ],
46 silly install resolved     author: { name: 'bubkoo', email: 'bubkoo.wy@gmail.com' },
46 silly install resolved     license: 'MIT',
46 silly install resolved     repository:
46 silly install resolved      { type: 'git',
46 silly install resolved        url: 'git+https://github.com/bubkoo/get-cursor-position.git' },
46 silly install resolved     bugs: { url: 'https://github.com/bubkoo/get-cursor-position/issues' },
46 silly install resolved     homepage: 'https://github.com/bubkoo/get-cursor-position',
46 silly install resolved     gypfile: true,
46 silly install resolved     gitHead: '56d403bb0e554532d17c403c47421ce8d2db2dec',
46 silly install resolved     _id: 'get-cursor-position@1.0.3',
46 silly install resolved     _shasum: '0e41d60343b705836a528d69a5e099e2c5108d63',
46 silly install resolved     _from: 'get-cursor-position@latest',
46 silly install resolved     _npmVersion: '3.8.5',
46 silly install resolved     _nodeVersion: '4.4.0',
46 silly install resolved     _npmUser: { name: 'bubkoo', email: 'bubkoo.wy@gmail.com' },
46 silly install resolved     dist:
46 silly install resolved      { shasum: '0e41d60343b705836a528d69a5e099e2c5108d63',
46 silly install resolved        tarball: 'https://registry.npmjs.org/get-cursor-position/-/get-cursor-position-1.0.3.tgz' },
46 silly install resolved     maintainers: [ [Object] ],
46 silly install resolved     _npmOperationalInternal:
46 silly install resolved      { host: 'packages-18-east.internal.npmjs.com',
46 silly install resolved        tmp: 'tmp/get-cursor-position-1.0.3.tgz_1477967767199_0.16657341225072742' },
46 silly install resolved     directories: {},
46 silly install resolved     _resolved: 'https://registry.npmjs.org/get-cursor-position/-/get-cursor-position-1.0.3.tgz',
46 silly install resolved     readme: 'ERROR: No README data found!' } ]
47 info install get-cursor-position@1.0.3 into C:\PP\gene6al_test\v25\server
48 info installOne get-cursor-position@1.0.3
49 verbose installOne of get-cursor-position to C:\PP\gene6al_test\v25\server not in flight; installing
50 verbose correctMkdir C:\Users\johnn\AppData\Roaming\npm-cache\_locks correctMkdir not in flight; initializing
51 verbose lock using C:\Users\johnn\AppData\Roaming\npm-cache\_locks\get-cursor-position-9de10cbb4257f4ac.lock for C:\PP\gene6al_test\v25\server\node_modules\get-cursor-position
52 silly install write writing get-cursor-position 1.0.3 to C:\PP\gene6al_test\v25\server\node_modules\get-cursor-position
53 verbose unbuild node_modules\get-cursor-position
54 silly gentlyRm C:\PP\gene6al_test\v25\server\node_modules\get-cursor-position is being purged from base C:\PP\gene6al_test\v25\server
55 verbose gentlyRm don't care about contents; nuking C:\PP\gene6al_test\v25\server\node_modules\get-cursor-position
56 verbose tar unpack C:\Users\johnn\AppData\Roaming\npm-cache\get-cursor-position\1.0.3\package.tgz
57 verbose tar unpacking to C:\PP\gene6al_test\v25\server\node_modules\get-cursor-position
58 silly gentlyRm C:\PP\gene6al_test\v25\server\node_modules\get-cursor-position is being purged
59 verbose gentlyRm don't care about contents; nuking C:\PP\gene6al_test\v25\server\node_modules\get-cursor-position
60 silly gunzTarPerm modes [ '777', '666' ]
61 silly gunzTarPerm extractEntry package.json
62 silly gunzTarPerm modified mode [ 'package.json', 420, 438 ]
63 silly gunzTarPerm extractEntry README.md
64 silly gunzTarPerm modified mode [ 'README.md', 420, 438 ]
65 silly gunzTarPerm extractEntry LICENSE
66 silly gunzTarPerm modified mode [ 'LICENSE', 420, 438 ]
67 silly gunzTarPerm extractEntry index.js
68 silly gunzTarPerm modified mode [ 'index.js', 420, 438 ]
69 silly gunzTarPerm extractEntry binding.gyp
70 silly gunzTarPerm modified mode [ 'binding.gyp', 420, 438 ]
71 silly gunzTarPerm extractEntry src/pos.cc
72 silly gunzTarPerm modified mode [ 'src/pos.cc', 420, 438 ]
73 verbose write writing to C:\PP\gene6al_test\v25\server\node_modules\get-cursor-position\package.json
74 info preinstall get-cursor-position@1.0.3
75 verbose readDependencies loading dependencies from C:\PP\gene6al_test\v25\server\node_modules\get-cursor-position\package.json
76 verbose readDependencies loading dependencies from C:\PP\gene6al_test\v25\server\node_modules\get-cursor-position\package.json
77 silly install resolved []
78 verbose about to build C:\PP\gene6al_test\v25\server\node_modules\get-cursor-position
79 info build C:\PP\gene6al_test\v25\server\node_modules\get-cursor-position
80 info linkStuff get-cursor-position@1.0.3
81 silly linkStuff get-cursor-position@1.0.3 has C:\PP\gene6al_test\v25\server\node_modules as its parent node_modules
82 verbose linkBins get-cursor-position@1.0.3
83 verbose linkMans get-cursor-position@1.0.3
84 verbose rebuildBundles get-cursor-position@1.0.3
85 info install get-cursor-position@1.0.3
86 verbose unsafe-perm in lifecycle true
87 info get-cursor-position@1.0.3 Failed to exec install script
88 verbose unlock done using C:\Users\johnn\AppData\Roaming\npm-cache\_locks\get-cursor-position-9de10cbb4257f4ac.lock for C:\PP\gene6al_test\v25\server\node_modules\get-cursor-position
89 verbose stack Error: get-cursor-position@1.0.3 install: `node-gyp rebuild`
89 verbose stack Exit status 1
89 verbose stack     at EventEmitter.<anonymous> (C:\Program Files\nodejs\node_modules\npm\lib\utils\lifecycle.js:217:16)
89 verbose stack     at emitTwo (events.js:87:13)
89 verbose stack     at EventEmitter.emit (events.js:172:7)
89 verbose stack     at ChildProcess.<anonymous> (C:\Program Files\nodejs\node_modules\npm\lib\utils\spawn.js:24:14)
89 verbose stack     at emitTwo (events.js:87:13)
89 verbose stack     at ChildProcess.emit (events.js:172:7)
89 verbose stack     at maybeClose (internal/child_process.js:827:16)
89 verbose stack     at Process.ChildProcess._handle.onexit (internal/child_process.js:211:5)
90 verbose pkgid get-cursor-position@1.0.3
91 verbose cwd C:\PP\gene6al_test\v25\server
92 error Windows_NT 10.0.14393
93 error argv "C:\\Program Files\\nodejs\\node.exe" "C:\\Program Files\\nodejs\\node_modules\\npm\\bin\\npm-cli.js" "install" "get-cursor-position" "--save"
94 error node v4.4.5
95 error npm  v2.15.5
96 error code ELIFECYCLE
97 error get-cursor-position@1.0.3 install: `node-gyp rebuild`
97 error Exit status 1
98 error Failed at the get-cursor-position@1.0.3 install script 'node-gyp rebuild'.
98 error This is most likely a problem with the get-cursor-position package,
98 error not with npm itself.
98 error Tell the author that this fails on your system:
98 error     node-gyp rebuild
98 error You can get information on how to open an issue for this project with:
98 error     npm bugs get-cursor-position
98 error Or if that isn't available, you can get their info via:
98 error
98 error     npm owner ls get-cursor-position
98 error There is likely additional logging output above.
99 verbose exit [ 1, true ]
100 verbose unbuild node_modules\get-cursor-position
101 info preuninstall get-cursor-position@1.0.3
102 info uninstall get-cursor-position@1.0.3
103 verbose unbuild rmStuff get-cursor-position@1.0.3 from C:\PP\gene6al_test\v25\server\node_modules
104 info postuninstall get-cursor-position@1.0.3
105 silly gentlyRm C:\PP\gene6al_test\v25\server\node_modules\get-cursor-position is being purged from base C:\PP\gene6al_test\v25\server
106 verbose gentlyRm don't care about contents; nuking C:\PP\gene6al_test\v25\server\node_modules\get-cursor-position
107 silly vacuum-fs purging C:\PP\gene6al_test\v25\server\node_modules\get-cursor-position
108 silly vacuum-fs quitting because other entries in C:\PP\gene6al_test\v25\server\node_modules
